c:\users\omarb\desktop\inf2705-tps\tp2\src\00_tp1_intro\x64\debug\vc143.pdb
c:\users\omarb\desktop\inf2705-tps\tp2\src\00_tp1_intro\x64\debug\vc143.idb
c:\users\omarb\desktop\inf2705-tps\tp2\src\00_tp1_intro\x64\debug\window.obj
c:\users\omarb\desktop\inf2705-tps\tp2\src\00_tp1_intro\x64\debug\shapes.obj
c:\users\omarb\desktop\inf2705-tps\tp2\src\00_tp1_intro\x64\debug\shader_program.obj
c:\users\omarb\desktop\inf2705-tps\tp2\src\00_tp1_intro\x64\debug\main.obj
c:\users\omarb\desktop\inf2705-tps\tp2\src\x64\debug\00_tp1_intro.pdb
c:\users\omarb\desktop\inf2705-tps\tp2\src\00_tp1_intro\x64\debug\00_tp1_intro.tlog\cl.command.1.tlog
c:\users\omarb\desktop\inf2705-tps\tp2\src\00_tp1_intro\x64\debug\00_tp1_intro.tlog\cl.read.1.tlog
c:\users\omarb\desktop\inf2705-tps\tp2\src\00_tp1_intro\x64\debug\00_tp1_intro.tlog\cl.write.1.tlog
c:\users\omarb\desktop\inf2705-tps\tp2\src\00_tp1_intro\x64\debug\00_tp1_intro.tlog\link-cvtres.read.1.tlog
c:\users\omarb\desktop\inf2705-tps\tp2\src\00_tp1_intro\x64\debug\00_tp1_intro.tlog\link-cvtres.write.1.tlog
c:\users\omarb\desktop\inf2705-tps\tp2\src\00_tp1_intro\x64\debug\00_tp1_intro.tlog\link-rc.read.1.tlog
c:\users\omarb\desktop\inf2705-tps\tp2\src\00_tp1_intro\x64\debug\00_tp1_intro.tlog\link-rc.write.1.tlog
c:\users\omarb\desktop\inf2705-tps\tp2\src\00_tp1_intro\x64\debug\00_tp1_intro.tlog\link.command.1.tlog
c:\users\omarb\desktop\inf2705-tps\tp2\src\00_tp1_intro\x64\debug\00_tp1_intro.tlog\link.read.1.tlog
c:\users\omarb\desktop\inf2705-tps\tp2\src\00_tp1_intro\x64\debug\00_tp1_intro.tlog\link.read.2.tlog
c:\users\omarb\desktop\inf2705-tps\tp2\src\00_tp1_intro\x64\debug\00_tp1_intro.tlog\link.read.3.tlog
c:\users\omarb\desktop\inf2705-tps\tp2\src\00_tp1_intro\x64\debug\00_tp1_intro.tlog\link.read.4.tlog
c:\users\omarb\desktop\inf2705-tps\tp2\src\00_tp1_intro\x64\debug\00_tp1_intro.tlog\link.write.1.tlog
