c:\users\omarb\desktop\inf2705-tps\tp2\src\tp2\x64\debug\vc143.pdb
c:\users\omarb\desktop\inf2705-tps\tp2\src\tp2\x64\debug\vc143.idb
c:\users\omarb\desktop\inf2705-tps\tp2\src\tp2\x64\debug\window.obj
c:\users\omarb\desktop\inf2705-tps\tp2\src\tp2\x64\debug\shapes.obj
c:\users\omarb\desktop\inf2705-tps\tp2\src\tp2\x64\debug\shader_program.obj
c:\users\omarb\desktop\inf2705-tps\tp2\src\tp2\x64\debug\main.obj
c:\users\omarb\desktop\inf2705-tps\tp2\src\tp2\x64\debug\camera.obj
c:\users\omarb\desktop\inf2705-tps\tp2\src\tp2\x64\debug\utils.obj
c:\users\omarb\desktop\inf2705-tps\tp2\src\tp2\x64\debug\textures.obj
c:\users\omarb\desktop\inf2705-tps\tp2\src\tp2\x64\debug\model.obj
c:\users\omarb\desktop\inf2705-tps\tp2\src\x64\debug\tp2.exe
c:\users\omarb\desktop\inf2705-tps\tp2\src\x64\debug\tp2.pdb
c:\users\omarb\desktop\inf2705-tps\tp2\src\tp2\x64\debug\tp2.ilk
c:\users\omarb\desktop\inf2705-tps\tp2\src\tp2\x64\debug\tp2.tlog\cl.command.1.tlog
c:\users\omarb\desktop\inf2705-tps\tp2\src\tp2\x64\debug\tp2.tlog\cl.items.tlog
c:\users\omarb\desktop\inf2705-tps\tp2\src\tp2\x64\debug\tp2.tlog\cl.read.1.tlog
c:\users\omarb\desktop\inf2705-tps\tp2\src\tp2\x64\debug\tp2.tlog\cl.write.1.tlog
c:\users\omarb\desktop\inf2705-tps\tp2\src\tp2\x64\debug\tp2.tlog\link.command.1.tlog
c:\users\omarb\desktop\inf2705-tps\tp2\src\tp2\x64\debug\tp2.tlog\link.read.1.tlog
c:\users\omarb\desktop\inf2705-tps\tp2\src\tp2\x64\debug\tp2.tlog\link.secondary.1.tlog
c:\users\omarb\desktop\inf2705-tps\tp2\src\tp2\x64\debug\tp2.tlog\link.write.1.tlog
